<?xml version="1.0" encoding="UTF-8"?>
<testsuite name="org.launchcode.techjobs.persistent.TestTaskOne" tests="2" skipped="0" failures="0" errors="0" timestamp="2023-06-05T22:40:36" hostname="ryans-MacBook-Air.local" time="0.011">
  <properties/>
  <testcase name="testDbConnectionProperties()" classname="org.launchcode.techjobs.persistent.TestTaskOne" time="0.01"/>
  <testcase name="testDbGradleDependencies()" classname="org.launchcode.techjobs.persistent.TestTaskOne" time="0.0"/>
  <system-out><![CDATA[]]></system-out>
  <system-err><![CDATA[]]></system-err>
</testsuite>
